[debug] [2024-02-16T12:08:24.293Z] ----------------------------------------------------------------------
[debug] [2024-02-16T12:08:24.298Z] Command:       C:\Program Files\nodejs\node.exe C:\Users\talhakhan\AppData\Roaming\npm\node_modules\firebase-tools\lib\bin\firebase.js init
[debug] [2024-02-16T12:08:24.298Z] CLI Version:   13.3.0
[debug] [2024-02-16T12:08:24.299Z] Platform:      win32
[debug] [2024-02-16T12:08:24.299Z] Node Version:  v20.2.0
[debug] [2024-02-16T12:08:24.300Z] Time:          Fri Feb 16 2024 17:08:24 GMT+0500 (Pakistan Standard Time)
[debug] [2024-02-16T12:08:24.300Z] ----------------------------------------------------------------------
[debug] 
[debug] [2024-02-16T12:08:24.404Z] > command requires scopes: ["email","openid","https://www.googleapis.com/auth/cloudplatformprojects.readonly","https://www.googleapis.com/auth/firebase","https://www.googleapis.com/auth/cloud-platform"]
[debug] [2024-02-16T12:08:24.404Z] > authorizing via signed-in user (fermglobalconsultancy@gmail.com)
[info] 
     ######## #### ########  ######## ########     ###     ######  ########
     ##        ##  ##     ## ##       ##     ##  ##   ##  ##       ##
     ######    ##  ########  ######   ########  #########  ######  ######
     ##        ##  ##    ##  ##       ##     ## ##     ##       ## ##
     ##       #### ##     ## ######## ########  ##     ##  ######  ########

You're about to initialize a Firebase project in this directory:

  F:\

Before we get started, keep in mind:

  * You are initializing within an existing Firebase project directory

[info] 
=== Project Setup
[info] 
[info] First, let's associate this project directory with a Firebase project.
[info] You can create multiple project aliases by running firebase use --add, 
[info] but for now we'll just set up a default project.
[info] 
[debug] [2024-02-16T12:08:35.125Z] Using project from CLI flag: onecall-68b0f
[debug] [2024-02-16T12:08:35.127Z] > refreshing access token with scopes: []
[debug] [2024-02-16T12:08:35.133Z] >>> [apiv2][query] POST https://www.googleapis.com/oauth2/v3/token [none]
[debug] [2024-02-16T12:08:35.134Z] >>> [apiv2][body] POST https://www.googleapis.com/oauth2/v3/token [omitted]
[debug] [2024-02-16T12:08:39.465Z] <<< [apiv2][status] POST https://www.googleapis.com/oauth2/v3/token 200
[debug] [2024-02-16T12:08:39.466Z] <<< [apiv2][body] POST https://www.googleapis.com/oauth2/v3/token [omitted]
[debug] [2024-02-16T12:08:39.490Z] >>> [apiv2][query] GET https://firebase.googleapis.com/v1beta1/projects/onecall-68b0f [none]
[debug] [2024-02-16T12:08:40.051Z] <<< [apiv2][status] GET https://firebase.googleapis.com/v1beta1/projects/onecall-68b0f 403
[debug] [2024-02-16T12:08:40.053Z] <<< [apiv2][body] GET https://firebase.googleapis.com/v1beta1/projects/onecall-68b0f {"error":{"code":403,"message":"The caller does not have permission","status":"PERMISSION_DENIED"}}
[debug] [2024-02-16T12:08:40.055Z] HTTP Error: 403, The caller does not have permission
[debug] [2024-02-16T12:08:40.444Z] FirebaseError: HTTP Error: 403, The caller does not have permission
    at responseToError (C:\Users\talhakhan\AppData\Roaming\npm\node_modules\firebase-tools\lib\responseToError.js:49:12)
    at RetryOperation._fn (C:\Users\talhakhan\AppData\Roaming\npm\node_modules\firebase-tools\lib\apiv2.js:292:77)
    at process.processTicksAndRejections (node:internal/process/task_queues:95:5)
[error] 
[error] Error: Failed to get Firebase project onecall-68b0f. Please make sure the project exists and your account has permission to access it.
